{"timestamp":"2025-11-25T08:20:47.379Z","requestId":"ff09c93d-a8a5-4be1-85d2-d2a5fa76b160","action":"LOGIN_SUCCESS","ip":"::1","shopId":"691ef7a464de4b6503334f0d","role":"owner"}
{"timestamp":"2025-11-25T09:27:26.506Z","requestId":"3b61150f-63fe-4727-9765-0f1e26eaa0b3","action":"REGISTER_SUCCESS","ip":"::1","shopId":"6925767d967075d170c560cd"}
{"timestamp":"2025-11-25T09:29:18.985Z","requestId":"ab55b271-4f2a-4087-8331-5276c62fbe02","action":"RESEND_OTP_SUCCESS","ip":"::1","shopId":"6925767d967075d170c560cd"}
{"timestamp":"2025-11-25T09:32:56.844Z","requestId":"f090d868-1793-40b4-89b6-c2851a9f98a6","action":"RESEND_OTP_SUCCESS","ip":"::1","shopId":"6925767d967075d170c560cd"}
{"timestamp":"2025-11-25T09:34:24.047Z","requestId":"71757539-e962-49ad-b8fe-921ca4e22cd1","action":"RESEND_OTP_SUCCESS","ip":"::1","shopId":"6925767d967075d170c560cd"}
{"timestamp":"2025-11-25T09:35:10.651Z","requestId":"e600800e-43cc-43df-844a-9b88f4fab682","action":"VERIFY_OTP_SUCCESS","ip":"::1","shopId":"6925767d967075d170c560cd"}
{"timestamp":"2025-11-25T10:31:37.562Z","requestId":"300f6bb1-8663-47f3-8160-b5e8e66cb73a","action":"KYC_SUBMITTED","ip":"::1","shopId":"691ef7a464de4b6503334f0d","details":{"businessType":"manufacturer","addressLength":10}}
{"timestamp":"2025-11-25T10:42:57.895Z","requestId":"6fbdf235-4272-46d3-82da-db45ed4a4a3c","action":"LOGIN_SUCCESS","ip":"::1","shopId":"691ef7a464de4b6503334f0d","role":"owner"}
{"timestamp":"2025-11-25T13:30:39.691Z","requestId":"f6d0d8d3-faa1-4f25-b663-c9e0448a0546","action":"SHOP_PROFILE_UPDATE","ip":"::1","shopId":"691ef7a464de4b6503334f0d","details":{"updatedFields":["shopName","phoneNumber","ownerName"]}}
{"timestamp":"2025-11-25T13:59:59.851Z","requestId":"9f8e52bc-14e5-4121-a4c5-425846ae98ea","action":"SHOP_PROFILE_UPDATE","ip":"::1","shopId":"691ef7a464de4b6503334f0d","details":{"updatedFields":["shopName","phoneNumber","ownerName"]}}
{"timestamp":"2025-11-25T14:01:47.626Z","requestId":"38300169-6750-4eab-8b6e-4e32766d6f02","action":"SHOP_PROFILE_UPDATE","ip":"::1","shopId":"691ef7a464de4b6503334f0d","details":{"updatedFields":["shopName","phoneNumber","ownerName"]}}
{"timestamp":"2025-11-25T14:04:37.375Z","requestId":"ca55289b-ddd9-4aaf-8722-f3254243b97a","action":"SHOP_PROFILE_UPDATE","ip":"::1","shopId":"691ef7a464de4b6503334f0d","details":{"updatedFields":["shopName","phoneNumber","ownerName"]}}
{"timestamp":"2025-11-25T14:05:50.402Z","requestId":"ddb1979b-c270-45f0-89da-64b11e0ced4b","action":"SHOP_PROFILE_UPDATE","ip":"::1","shopId":"691ef7a464de4b6503334f0d","details":{"updatedFields":["shopName","phoneNumber","ownerName"]}}
{"timestamp":"2025-11-25T14:06:38.427Z","requestId":"63f611ca-00f8-4122-993b-c603016006a6","action":"SHOP_PROFILE_UPDATE","ip":"::1","shopId":"691ef7a464de4b6503334f0d","details":{"updatedFields":["shopName","phoneNumber","ownerName"]}}
{"timestamp":"2025-11-25T14:09:21.624Z","requestId":"578a68c4-c6b0-4f0f-acfd-52ceeb4dbe8e","action":"SHOP_PROFILE_UPDATE","ip":"::1","shopId":"691ef7a464de4b6503334f0d","details":{"updatedFields":["shopName","phoneNumber","ownerName","address"]}}
{"timestamp":"2025-11-25T14:25:58.703Z","requestId":"093e4b64-82d9-47d6-8ca6-8e84477da055","action":"SHOP_PROFILE_UPDATE","ip":"::1","shopId":"691ef7a464de4b6503334f0d","details":{"updatedFields":["shopName","phoneNumber","ownerName","address"]}}
{"timestamp":"2025-11-25T15:18:04.983Z","requestId":"0210bfdb-8fb5-4cd9-aa19-668a473387b2","action":"SHOP_PROFILE_UPDATE","ip":"::1","shopId":"691ef7a464de4b6503334f0d","details":{"updatedFields":["shopName","phoneNumber","ownerName","address"]}}
{"timestamp":"2025-11-25T15:18:08.401Z","requestId":"aa3676e9-294c-48e8-ab6a-38000ea68fd8","action":"LOGIN_SUCCESS","ip":"::1","shopId":"691ef7a464de4b6503334f0d","role":"owner"}
{"timestamp":"2025-11-25T15:18:20.836Z","requestId":"ed179266-4cba-4b38-92c8-6255be54f7f5","action":"LOGIN_SUCCESS","ip":"::1","shopId":"691ef7a464de4b6503334f0d","role":"owner"}
{"timestamp":"2025-11-25T15:19:35.060Z","requestId":"ad5291a5-e59e-497b-9f62-158045c7c2f1","action":"REGISTER_SUCCESS","ip":"::1","shopId":"6925c9061e34f45241127aae"}
{"timestamp":"2025-11-25T15:19:49.842Z","requestId":"b3b37e07-404a-4989-a26c-8b6aac85d122","action":"VERIFY_OTP_SUCCESS","ip":"::1","shopId":"6925c9061e34f45241127aae"}
{"timestamp":"2025-11-25T15:20:14.419Z","requestId":"17219269-f786-4f9d-bcbc-fd4c5a6953da","action":"LOGIN_SUCCESS","ip":"::1","shopId":"6925c9061e34f45241127aae","role":"owner"}
{"timestamp":"2025-11-25T15:20:54.316Z","requestId":"8f6d6c27-4d96-4be1-83e1-d71b3ce2448c","action":"LOGIN_SUCCESS","ip":"::1","shopId":"6925c9061e34f45241127aae","role":"owner"}
{"timestamp":"2025-11-25T17:19:56.727Z","requestId":"ad98b637-73da-41fe-bc4e-0547ea643dcf","action":"LOGIN_SUCCESS","ip":"::1","shopId":"6925c9061e34f45241127aae","role":"owner"}
{"timestamp":"2025-11-25T19:16:50.194Z","requestId":"d28e297f-3408-416d-9d9c-4fbc8d0f0090","action":"LOGIN_SUCCESS","ip":"::1","shopId":"6925c9061e34f45241127aae","role":"owner"}
{"timestamp":"2025-11-25T21:58:53.919Z","requestId":"2865d29b-a8d6-47b1-9b29-f17ecd07e72c","action":"LOGIN_SUCCESS","ip":"::1","shopId":"6921a245f6b31bb3682e2b83","role":"owner"}
