<<<<<<< HEAD
{"timestamp":"2025-11-28T07:25:30.482Z","requestId":"f2c4d012-dd87-478b-a468-8c43f390fafb","action":"TICKET_LIST_VIEWED","shopId":"691ef7a464de4b6503334f0d","performedBy":{"userId":"owner","role":"owner"},"details":{"count":0,"filters":{"includeRefunded":false,"page":1,"limit":20,"sortBy":"date","sortOrder":"desc"}}}
{"timestamp":"2025-11-28T07:43:05.755Z","requestId":"d5513e3c-6be5-461c-9433-742b284b09af","action":"TICKET_LIST_VIEWED","shopId":"691ef7a464de4b6503334f0d","performedBy":{"userId":"owner","role":"owner"},"details":{"count":0,"filters":{"includeRefunded":false,"page":1,"limit":20,"sortBy":"date","sortOrder":"desc"}}}
{"timestamp":"2025-11-28T07:47:10.753Z","requestId":"8e27c1d4-e90e-4005-ae06-e37262ceab0a","action":"ITEMS_SOLD_VIEWED","shopId":"691ef7a464de4b6503334f0d","performedBy":{"userId":"owner","role":"owner"},"details":{"count":0,"filters":{"includeRefunded":false,"page":1,"limit":20,"sortBy":"date","sortOrder":"desc"}}}
{"timestamp":"2025-11-28T07:47:31.044Z","requestId":"511d2d88-049b-44b9-9c68-7b408d2d4b63","action":"ITEMS_SOLD_VIEWED","shopId":"691ef7a464de4b6503334f0d","performedBy":{"userId":"owner","role":"owner"},"details":{"count":0,"filters":{"includeRefunded":false,"page":1,"limit":20,"sortBy":"date","sortOrder":"desc"}}}
{"timestamp":"2025-11-28T07:47:31.664Z","requestId":"53554600-e771-4eea-84f2-71e1c9ba68a9","action":"ITEMS_SOLD_VIEWED","shopId":"691ef7a464de4b6503334f0d","performedBy":{"userId":"owner","role":"owner"},"details":{"count":0,"filters":{"includeRefunded":false,"page":1,"limit":20,"sortBy":"date","sortOrder":"desc"}}}
{"timestamp":"2025-11-28T07:52:48.764Z","requestId":"d9c3991f-6331-4e3b-be0f-2b19e601039f","action":"ITEMS_SOLD_VIEWED","shopId":"6925c9061e34f45241127aae","performedBy":{"userId":"owner","role":"owner"},"details":{"count":1,"filters":{"includeRefunded":false,"page":1,"limit":20,"sortBy":"date","sortOrder":"desc"}}}
{"timestamp":"2025-11-28T08:03:29.231Z","requestId":"477d0aa6-1b14-40a8-9cd1-1c864c17c700","action":"ITEMS_SOLD_VIEWED","shopId":"6925c9061e34f45241127aae","performedBy":{"userId":"owner","role":"owner"},"details":{"count":1,"filters":{"includeRefunded":false,"page":1,"limit":20,"sortBy":"date","sortOrder":"desc"}}}
{"timestamp":"2025-11-28T08:05:43.216Z","requestId":"9cf65a24-a6e7-43fa-b065-296ad1aa8c75","action":"ITEMS_SOLD_VIEWED","shopId":"6925c9061e34f45241127aae","performedBy":{"userId":"owner","role":"owner"},"details":{"count":1,"filters":{"includeRefunded":false,"page":1,"limit":20,"sortBy":"date","sortOrder":"desc"}}}
{"timestamp":"2025-11-28T08:07:40.995Z","requestId":"948c2d7c-69ae-4ab7-a8c6-45d578ed756d","action":"ITEMS_SOLD_VIEWED","shopId":"6925c9061e34f45241127aae","performedBy":{"userId":"owner","role":"owner"},"details":{"count":1,"filters":{"includeRefunded":false,"page":1,"limit":20,"sortBy":"date","sortOrder":"desc"}}}
{"timestamp":"2025-11-28T09:25:31.631Z","requestId":"683bee05-213a-4eae-b104-c38ed2c59cb5","action":"ITEMS_SOLD_VIEWED","shopId":"6925c9061e34f45241127aae","performedBy":{"userId":"owner","role":"owner"},"details":{"count":1,"filters":{"includeRefunded":false,"page":1,"limit":20,"sortBy":"date","sortOrder":"desc"}}}
{"timestamp":"2025-11-28T09:28:18.198Z","requestId":"5429ecc3-55b8-4174-bcdd-eca51a5e980e","action":"ITEMS_SOLD_VIEWED","shopId":"6925c9061e34f45241127aae","performedBy":{"userId":"owner","role":"owner"},"details":{"count":1,"filters":{"includeRefunded":false,"page":1,"limit":20,"sortBy":"date","sortOrder":"desc"}}}
{"timestamp":"2025-11-28T09:31:03.043Z","requestId":"cef7aba2-a588-4da2-8ddd-6cc96192e3d9","action":"ITEMS_SOLD_VIEWED","shopId":"6925c9061e34f45241127aae","performedBy":{"userId":"owner","role":"owner"},"details":{"count":1,"filters":{"includeRefunded":false,"page":1,"limit":20,"sortBy":"date","sortOrder":"desc"}}}
=======
{"timestamp":"2025-11-28T02:57:32.994Z","requestId":"cafbbc99-a718-4dda-beca-4586e1f7d398","action":"TICKET_CREATED","shopId":"6925c9061e34f45241127aae","performedBy":{"userId":"owner","role":"owner"},"saleId":"69290f9ce6fdd286df10e5dd","ip":"::1","details":{"ticketNumber":"0001","itemCount":1,"totalAmount":108000,"paymentMethod":"cash","isCredit":false}}
{"timestamp":"2025-11-28T06:47:19.269Z","requestId":"df715c2f-8dc8-4ccc-b2b2-0b1cea3eedda","action":"ITEMS_SOLD_VIEWED","shopId":"6921a245f6b31bb3682e2b83","performedBy":{"userId":"owner","role":"owner"},"details":{"count":7,"filters":{"includeRefunded":false,"page":1,"limit":20,"sortBy":"date","sortOrder":"desc"}}}
{"timestamp":"2025-11-28T06:47:57.396Z","requestId":"bca18fdf-30ad-4fad-91ec-e991f8494714","action":"ITEMS_SOLD_VIEWED","shopId":"6921a245f6b31bb3682e2b83","performedBy":{"userId":"owner","role":"owner"},"details":{"count":7,"filters":{"includeRefunded":false,"page":1,"limit":20,"sortBy":"date","sortOrder":"desc"}}}
{"timestamp":"2025-11-28T06:48:15.703Z","requestId":"597ee4bf-e2c8-4053-90d0-39839b4b2ee0","action":"ITEMS_SOLD_VIEWED","shopId":"6921a245f6b31bb3682e2b83","performedBy":{"userId":"owner","role":"owner"},"details":{"count":7,"filters":{"includeRefunded":false,"page":1,"limit":20,"sortBy":"date","sortOrder":"desc"}}}
>>>>>>> 22db54063c0d9655aa05c7e4b04947a8cbec0c78
{"timestamp":"2025-11-28T12:04:35.432Z","requestId":"377aa23e-8a60-4b8e-a655-c04b0baf0fbb","action":"ITEMS_SOLD_VIEWED","shopId":"6925c9061e34f45241127aae","performedBy":{"userId":"owner","role":"owner"},"details":{"count":1,"filters":{"includeRefunded":false,"page":1,"limit":20,"sortBy":"date","sortOrder":"desc"}}}
{"timestamp":"2025-11-28T12:21:56.172Z","requestId":"97430f36-05ff-4c78-bcc7-f381c77f8115","action":"ITEMS_SOLD_VIEWED","shopId":"6925c9061e34f45241127aae","performedBy":{"userId":"owner","role":"owner"},"details":{"count":1,"filters":{"includeRefunded":false,"page":1,"limit":20,"sortBy":"date","sortOrder":"desc"}}}
{"timestamp":"2025-11-28T12:23:39.366Z","requestId":"85e5e5fe-11cd-46ae-8073-d5c334599e71","action":"TICKET_CREATED","shopId":"6925c9061e34f45241127aae","performedBy":{"userId":"owner","role":"owner"},"saleId":"6929944a841de01df35d1120","ip":"::1","details":{"ticketNumber":"0002","itemCount":1,"totalAmount":800,"paymentMethod":"cash","isCredit":false}}
{"timestamp":"2025-11-28T12:23:51.366Z","requestId":"7337c0d5-43f7-492e-b3d1-6f9c890ca4e7","action":"ITEMS_SOLD_VIEWED","shopId":"6925c9061e34f45241127aae","performedBy":{"userId":"owner","role":"owner"},"details":{"count":2,"filters":{"includeRefunded":false,"page":1,"limit":20,"sortBy":"date","sortOrder":"desc"}}}
{"timestamp":"2025-11-28T12:24:46.838Z","requestId":"08db420f-8c70-4974-9f2f-c2da73ce15e9","action":"TICKET_CREATED","shopId":"6925c9061e34f45241127aae","performedBy":{"userId":"owner","role":"owner"},"saleId":"6929948e841de01df35d113d","ip":"::1","details":{"ticketNumber":"0003","itemCount":2,"totalAmount":10000,"paymentMethod":"cash","isCredit":false}}
{"timestamp":"2025-11-28T12:25:04.073Z","requestId":"ace24d9e-0afb-4298-9f29-09312b75903e","action":"ITEMS_SOLD_VIEWED","shopId":"6925c9061e34f45241127aae","performedBy":{"userId":"owner","role":"owner"},"details":{"count":4,"filters":{"includeRefunded":false,"page":1,"limit":20,"sortBy":"date","sortOrder":"desc"}}}
{"timestamp":"2025-11-28T12:28:39.277Z","requestId":"ba5dfd9f-71c9-4861-9b97-f47d71d31c90","action":"TICKET_CREATED","shopId":"6925c9061e34f45241127aae","performedBy":{"userId":"owner","role":"owner"},"saleId":"69299577841de01df35d114f","ip":"::1","details":{"ticketNumber":"0004","itemCount":1,"totalAmount":10500,"paymentMethod":"cash","isCredit":false}}
{"timestamp":"2025-11-28T12:28:45.898Z","requestId":"bc932fd2-e137-4944-af38-eecbf3fcb344","action":"ITEMS_SOLD_VIEWED","shopId":"6925c9061e34f45241127aae","performedBy":{"userId":"owner","role":"owner"},"details":{"count":5,"filters":{"includeRefunded":false,"page":1,"limit":20,"sortBy":"date","sortOrder":"desc"}}}
{"timestamp":"2025-11-28T12:37:18.824Z","requestId":"772b2385-5c61-4dd3-badf-b577dc253fd6","action":"TICKET_CREATED","shopId":"6925c9061e34f45241127aae","performedBy":{"userId":"owner","role":"owner"},"saleId":"6929977c841de01df35d1177","ip":"::1","details":{"ticketNumber":"0005","itemCount":1,"totalAmount":300000,"paymentMethod":"cash","isCredit":false}}
{"timestamp":"2025-11-28T12:37:26.145Z","requestId":"b56c9dc6-7c54-4df2-8441-b1a4984af8b7","action":"ITEMS_SOLD_VIEWED","shopId":"6925c9061e34f45241127aae","performedBy":{"userId":"owner","role":"owner"},"details":{"count":6,"filters":{"includeRefunded":false,"page":1,"limit":20,"sortBy":"date","sortOrder":"desc"}}}
{"timestamp":"2025-11-28T12:39:18.170Z","requestId":"abf726d6-eb4b-43d6-9f5d-3a42b0929610","action":"TICKET_CREATED","shopId":"6925c9061e34f45241127aae","performedBy":{"userId":"owner","role":"owner"},"saleId":"692997f5841de01df35d1197","ip":"::1","details":{"ticketNumber":"0006","itemCount":1,"totalAmount":90000,"paymentMethod":"cash","isCredit":false}}
{"timestamp":"2025-11-28T12:39:25.471Z","requestId":"d654eaa9-7177-4726-8341-67e4f3a3930d","action":"ITEMS_SOLD_VIEWED","shopId":"6925c9061e34f45241127aae","performedBy":{"userId":"owner","role":"owner"},"details":{"count":7,"filters":{"includeRefunded":false,"page":1,"limit":20,"sortBy":"date","sortOrder":"desc"}}}
{"timestamp":"2025-11-28T12:42:03.500Z","requestId":"9d40bb0c-ba19-4ede-af6a-61657c602393","action":"ITEMS_SOLD_VIEWED","shopId":"6925c9061e34f45241127aae","performedBy":{"userId":"owner","role":"owner"},"details":{"count":7,"filters":{"includeRefunded":false,"page":1,"limit":20,"sortBy":"date","sortOrder":"desc"}}}
{"timestamp":"2025-11-28T12:44:32.631Z","requestId":"b16c1ee7-cb28-4112-a28c-337874a16901","action":"CREDIT_TICKET_CREATED","shopId":"6925c9061e34f45241127aae","performedBy":{"userId":"owner","role":"owner"},"saleId":"69299930841de01df35d11c4","ip":"::1","details":{"ticketNumber":"0007","itemCount":1,"totalAmount":120000,"paymentMethod":"credit","isCredit":true,"customerName":"John"}}
{"timestamp":"2025-11-28T12:45:19.476Z","requestId":"f555c993-4bed-4c2a-89fd-20f2527c5276","action":"ITEMS_SOLD_VIEWED","shopId":"6925c9061e34f45241127aae","performedBy":{"userId":"owner","role":"owner"},"details":{"count":8,"filters":{"includeRefunded":false,"page":1,"limit":20,"sortBy":"date","sortOrder":"desc"}}}
{"timestamp":"2025-11-28T12:49:22.932Z","requestId":"07291512-399e-42b3-abe5-66c83b6da793","action":"ITEMS_SOLD_VIEWED","shopId":"6925c9061e34f45241127aae","performedBy":{"userId":"owner","role":"owner"},"details":{"count":8,"filters":{"includeRefunded":false,"page":1,"limit":20,"sortBy":"date","sortOrder":"desc"}}}
{"timestamp":"2025-11-28T12:49:28.124Z","requestId":"9372d4c2-5a86-456f-a76f-66905cc9910f","action":"TICKET_VIEWED","shopId":"6925c9061e34f45241127aae","performedBy":{"userId":"owner","role":"owner"},"saleId":"69299930841de01df35d11c4"}
{"timestamp":"2025-11-28T12:49:46.379Z","requestId":"2fa74c22-6f2d-437f-8100-f954d7d7bb23","action":"TICKET_VIEWED","shopId":"6925c9061e34f45241127aae","performedBy":{"userId":"owner","role":"owner"},"saleId":"692997f5841de01df35d1197"}
{"timestamp":"2025-11-28T12:54:27.827Z","requestId":"7ec7b0b9-0d18-482b-ba5c-dce7d84daa4d","action":"TICKET_VIEWED","shopId":"6925c9061e34f45241127aae","performedBy":{"userId":"owner","role":"owner"},"saleId":"69299930841de01df35d11c4"}
{"timestamp":"2025-11-28T12:54:38.154Z","requestId":"2f598f5d-896c-4c0c-bd7b-41422c38f59d","action":"TICKET_VIEWED","shopId":"6925c9061e34f45241127aae","performedBy":{"userId":"owner","role":"owner"},"saleId":"692997f5841de01df35d1197"}
{"timestamp":"2025-11-28T12:55:45.476Z","requestId":"a05aa8c2-9d61-4522-bfd5-0f9b1f74f3c0","action":"TICKET_VIEWED","shopId":"6925c9061e34f45241127aae","performedBy":{"userId":"owner","role":"owner"},"saleId":"69299930841de01df35d11c4"}
