{"timestamp":"2025-11-25T08:24:54.333Z","requestId":"e1eb04ff-0239-4331-a59b-e8171160d13d","action":"STAFF_CREATED","shopId":"691ef7a464de4b6503334f0d","performedBy":{"userId":"owner","role":"owner"},"targetStaffId":"692567d5b75399c320a22862","ip":"::1","details":{"staffName":"Ginger","phoneNumber":"2348129741532","role":"manager"}}
{"timestamp":"2025-11-25T10:43:09.880Z","requestId":"724ec6c9-838e-4082-ae64-6f6c4b430bd6","action":"STAFF_LIST_VIEWED","shopId":"691ef7a464de4b6503334f0d","performedBy":{"userId":"owner","role":"owner"},"details":{"count":3,"filters":{"includeInactive":false,"page":1,"limit":10}}}
{"timestamp":"2025-11-25T11:25:24.561Z","requestId":"c26bfe8d-a25b-4e8a-8e59-34bd4b81b2b5","action":"STAFF_CREATED","shopId":"691ef7a464de4b6503334f0d","performedBy":{"userId":"owner","role":"owner"},"targetStaffId":"69259224e6f07671195deb86","ip":"::1","details":{"staffName":"Ifeanyi","phoneNumber":"2348129741534","role":"staff"}}
{"timestamp":"2025-11-25T11:41:29.480Z","requestId":"26e72c9c-4e25-40fd-aff2-8aef716c861e","action":"STAFF_LIST_VIEWED","shopId":"691ef7a464de4b6503334f0d","performedBy":{"userId":"owner","role":"owner"},"details":{"count":4,"filters":{"includeInactive":false,"page":1,"limit":10}}}
{"timestamp":"2025-11-25T11:42:53.896Z","requestId":"ce496bc2-8b0f-4067-8bf5-a8c3ebbd10da","action":"STAFF_LIST_VIEWED","shopId":"691ef7a464de4b6503334f0d","performedBy":{"userId":"owner","role":"owner"},"details":{"count":4,"filters":{"includeInactive":false,"page":1,"limit":10}}}
{"timestamp":"2025-11-25T11:50:39.073Z","requestId":"711bd8f9-c3aa-49a1-9ba4-7f9add09e026","action":"STAFF_LIST_VIEWED","shopId":"691ef7a464de4b6503334f0d","performedBy":{"userId":"owner","role":"owner"},"details":{"count":4,"filters":{"includeInactive":false,"page":1,"limit":10}}}
{"timestamp":"2025-11-25T13:08:38.478Z","requestId":"fb6a1972-b7a7-422a-b25e-976645c65ced","action":"STAFF_LIST_VIEWED","shopId":"691ef7a464de4b6503334f0d","performedBy":{"userId":"owner","role":"owner"},"details":{"count":4,"filters":{"includeInactive":false,"page":1,"limit":10}}}
{"timestamp":"2025-11-25T13:08:44.128Z","requestId":"4dc244b3-3fb4-4179-acb9-ed14c778d721","action":"STAFF_LIST_VIEWED","shopId":"691ef7a464de4b6503334f0d","performedBy":{"userId":"owner","role":"owner"},"details":{"count":4,"filters":{"includeInactive":false,"page":1,"limit":10}}}
{"timestamp":"2025-11-25T13:17:05.493Z","requestId":"2cfd132b-dd3a-49c2-aae4-93d9d490b501","action":"STAFF_LIST_VIEWED","shopId":"691ef7a464de4b6503334f0d","performedBy":{"userId":"owner","role":"owner"},"details":{"count":4,"filters":{"includeInactive":false,"page":1,"limit":10}}}
{"timestamp":"2025-11-25T13:27:29.968Z","requestId":"bf90c62b-3058-4273-be7e-159aa5453198","action":"STAFF_LIST_VIEWED","shopId":"691ef7a464de4b6503334f0d","performedBy":{"userId":"owner","role":"owner"},"details":{"count":4,"filters":{"includeInactive":false,"page":1,"limit":10}}}
{"timestamp":"2025-11-25T13:27:37.935Z","requestId":"df3cbd4e-736b-49f2-987b-94773e0ec0f0","action":"STAFF_LIST_VIEWED","shopId":"691ef7a464de4b6503334f0d","performedBy":{"userId":"owner","role":"owner"},"details":{"count":4,"filters":{"includeInactive":false,"page":1,"limit":10}}}
{"timestamp":"2025-11-25T13:27:44.875Z","requestId":"77ac5614-02fc-4b98-a432-dda0e00b71ac","action":"STAFF_LIST_VIEWED","shopId":"691ef7a464de4b6503334f0d","performedBy":{"userId":"owner","role":"owner"},"details":{"count":4,"filters":{"includeInactive":false,"page":1,"limit":10}}}
{"timestamp":"2025-11-25T13:27:56.186Z","requestId":"94924bba-f5eb-4b89-9f0c-af5476fa1fab","action":"STAFF_LIST_VIEWED","shopId":"691ef7a464de4b6503334f0d","performedBy":{"userId":"owner","role":"owner"},"details":{"count":4,"filters":{"includeInactive":false,"page":1,"limit":10}}}
{"timestamp":"2025-11-25T13:27:57.938Z","requestId":"075b56e0-359e-432d-88fd-5a8d50c4f5bd","action":"STAFF_LIST_VIEWED","shopId":"691ef7a464de4b6503334f0d","performedBy":{"userId":"owner","role":"owner"},"details":{"count":4,"filters":{"includeInactive":false,"page":1,"limit":10}}}
{"timestamp":"2025-11-25T13:30:01.418Z","requestId":"dd749f38-0aed-4bd8-a213-ec2c04da00c9","action":"STAFF_DEACTIVATED","shopId":"691ef7a464de4b6503334f0d","performedBy":{"userId":"owner","role":"owner"},"targetStaffId":"691f072f64de4b6503334f5d","ip":"::1","details":{"staffName":"sam","phoneNumber":"2348143250536"}}
{"timestamp":"2025-11-25T13:30:01.820Z","requestId":"229bc8bb-d183-4889-9166-111cd6e20345","action":"STAFF_LIST_VIEWED","shopId":"691ef7a464de4b6503334f0d","performedBy":{"userId":"owner","role":"owner"},"details":{"count":3,"filters":{"includeInactive":false,"page":1,"limit":10}}}
{"timestamp":"2025-11-25T13:30:10.501Z","requestId":"002cf3e6-d681-46a3-bf69-50a8e2210805","action":"STAFF_LIST_VIEWED","shopId":"691ef7a464de4b6503334f0d","performedBy":{"userId":"owner","role":"owner"},"details":{"count":3,"filters":{"includeInactive":false,"page":1,"limit":10}}}
{"timestamp":"2025-11-25T13:36:43.040Z","requestId":"6e8ce641-5e4a-4699-84da-3040ff58e025","action":"STAFF_LIST_VIEWED","shopId":"691ef7a464de4b6503334f0d","performedBy":{"userId":"owner","role":"owner"},"details":{"count":3,"filters":{"includeInactive":false,"page":1,"limit":10}}}
{"timestamp":"2025-11-25T13:50:59.657Z","requestId":"99328ac4-bc68-4276-aa3d-e1291cf4fb76","action":"STAFF_LIST_VIEWED","shopId":"691ef7a464de4b6503334f0d","performedBy":{"userId":"owner","role":"owner"},"details":{"count":3,"filters":{"includeInactive":false,"page":1,"limit":10}}}
{"timestamp":"2025-11-25T13:55:57.777Z","requestId":"b64ce437-1b49-4e47-b435-83a7067bae57","action":"STAFF_LIST_VIEWED","shopId":"691ef7a464de4b6503334f0d","performedBy":{"userId":"owner","role":"owner"},"details":{"count":3,"filters":{"includeInactive":false,"page":1,"limit":10}}}
{"timestamp":"2025-11-25T13:56:51.347Z","requestId":"95ed28bf-5912-4617-91e2-b03659b8407e","action":"STAFF_UPDATED","shopId":"691ef7a464de4b6503334f0d","performedBy":{"userId":"owner","role":"owner"},"targetStaffId":"69259224e6f07671195deb86","ip":"::1","details":{"updates":["staffName","role"],"oldPhone":"2348129741534","newPhone":"2348129741534"}}
{"timestamp":"2025-11-25T13:56:51.744Z","requestId":"39dbe97c-a934-4345-be8f-5d21495e85de","action":"STAFF_LIST_VIEWED","shopId":"691ef7a464de4b6503334f0d","performedBy":{"userId":"owner","role":"owner"},"details":{"count":3,"filters":{"includeInactive":false,"page":1,"limit":10}}}
{"timestamp":"2025-11-25T13:58:11.460Z","requestId":"9c5a9897-884d-4b90-8863-548300de6cae","action":"STAFF_LIST_VIEWED","shopId":"691ef7a464de4b6503334f0d","performedBy":{"userId":"owner","role":"owner"},"details":{"count":3,"filters":{"includeInactive":false,"page":1,"limit":10}}}
{"timestamp":"2025-11-25T13:59:29.434Z","requestId":"7672c516-b08d-4955-ab8b-44d10b4a15ff","action":"STAFF_LIST_VIEWED","shopId":"691ef7a464de4b6503334f0d","performedBy":{"userId":"owner","role":"owner"},"details":{"count":3,"filters":{"includeInactive":false,"page":1,"limit":10}}}
{"timestamp":"2025-11-25T14:01:50.101Z","requestId":"4ce3466c-4810-4c8c-98c8-eaa49efeb415","action":"STAFF_LIST_VIEWED","shopId":"691ef7a464de4b6503334f0d","performedBy":{"userId":"owner","role":"owner"},"details":{"count":3,"filters":{"includeInactive":false,"page":1,"limit":10}}}
{"timestamp":"2025-11-25T14:01:52.641Z","requestId":"b4b4a6f0-b457-4c5d-9eb9-b32052edeb85","action":"STAFF_LIST_VIEWED","shopId":"691ef7a464de4b6503334f0d","performedBy":{"userId":"owner","role":"owner"},"details":{"count":3,"filters":{"includeInactive":false,"page":1,"limit":10}}}
{"timestamp":"2025-11-25T14:05:36.500Z","requestId":"51178150-f131-4111-ae47-8fe19a9382dd","action":"STAFF_LIST_VIEWED","shopId":"691ef7a464de4b6503334f0d","performedBy":{"userId":"owner","role":"owner"},"details":{"count":3,"filters":{"includeInactive":false,"page":1,"limit":10}}}
{"timestamp":"2025-11-25T14:06:41.701Z","requestId":"9192cc56-d01b-42cb-842f-85157710b12a","action":"STAFF_LIST_VIEWED","shopId":"691ef7a464de4b6503334f0d","performedBy":{"userId":"owner","role":"owner"},"details":{"count":3,"filters":{"includeInactive":false,"page":1,"limit":10}}}
{"timestamp":"2025-11-25T14:09:24.860Z","requestId":"8e303252-bc6a-4d50-844e-d596e9f288cc","action":"STAFF_LIST_VIEWED","shopId":"691ef7a464de4b6503334f0d","performedBy":{"userId":"owner","role":"owner"},"details":{"count":3,"filters":{"includeInactive":false,"page":1,"limit":10}}}
{"timestamp":"2025-11-25T14:25:48.600Z","requestId":"cbcfe672-3b5b-4cbf-8d9e-c700ef8ca129","action":"STAFF_LIST_VIEWED","shopId":"691ef7a464de4b6503334f0d","performedBy":{"userId":"owner","role":"owner"},"details":{"count":3,"filters":{"includeInactive":false,"page":1,"limit":10}}}
{"timestamp":"2025-11-25T14:34:07.483Z","requestId":"a2e47403-6213-45b4-b065-d43b314c5447","action":"STAFF_LIST_VIEWED","shopId":"691ef7a464de4b6503334f0d","performedBy":{"userId":"owner","role":"owner"},"details":{"count":3,"filters":{"includeInactive":false,"page":1,"limit":10}}}
{"timestamp":"2025-11-25T15:17:55.748Z","requestId":"ad4239c1-1d6b-4c4f-b228-1aedeadb0b32","action":"STAFF_LIST_VIEWED","shopId":"691ef7a464de4b6503334f0d","performedBy":{"userId":"owner","role":"owner"},"details":{"count":3,"filters":{"includeInactive":false,"page":1,"limit":10}}}
